<?xml version="1.0" encoding="UTF-8"?>
<!-- Generated by org.testng.reporters.JUnitReportReporter -->
<testsuite hostname="Laptop-Carquind" failures="0" tests="2" name="com.challenge.tests.VerifySearchFunctionalityTest" time="6.484" errors="0" timestamp="2023-07-30T16:59:43 CLT" skipped="0">
  <testcase classname="com.challenge.tests.VerifySearchFunctionalityTest" name="testSearchWithInvalidTerm" time="3.296"/>
  <testcase classname="com.challenge.tests.VerifySearchFunctionalityTest" name="testSearchWithValidTerm" time="3.188"/>
</testsuite> <!-- com.challenge.tests.VerifySearchFunctionalityTest -->
