<?xml version="1.0" encoding="UTF-8"?>
<!-- Generated by org.testng.reporters.JUnitReportReporter -->
<testsuite hostname="Laptop-Carquind" failures="0" tests="3" name="com.challenge.tests.VerifyUIElementsTest" time="9.255" errors="0" timestamp="2023-07-30T16:59:43 CLT" skipped="0">
  <testcase classname="com.challenge.tests.VerifyUIElementsTest" name="testSearchResultSectionPresence" time="3.048"/>
  <testcase classname="com.challenge.tests.VerifyUIElementsTest" name="testHeaderDisplaysCorrectTitle" time="3.075"/>
  <testcase classname="com.challenge.tests.VerifyUIElementsTest" name="testSearchFormPresence" time="3.132"/>
</testsuite> <!-- com.challenge.tests.VerifyUIElementsTest -->
